# JRE version: OpenJDK Runtime Environment (21.0.8) (build 21.0.8+-14196175-b1038.72)
# Java VM: OpenJDK 64-Bit Server VM (21.0.8+-14196175-b1038.72, mixed mode, tiered, compressed oops, compressed class ptrs, g1 gc, windows-amd64)
GC Precious Log:
 CardTable entry size: 512
 Card Set container configuration: InlinePtr #cards 5 size 8 Array Of Cards #cards 12 size 40 Howl #buckets 4 coarsen threshold 1843 Howl Bitmap #cards 512 size 80 coarsen threshold 460 Card regions per heap region 1 cards per card region 2048
 CPUs: 8 total, 8 available
 Memory: 7778M
 Large Page Support: Disabled
 NUMA Support: Disabled
 Compressed Oops: Enabled (32-bit)
 Heap Region Size: 1M
 Heap Min Capacity: 8M
 Heap Initial Capacity: 122M
 Heap Max Capacity: 2G
 Pre-touch: Disabled
 Parallel Workers: 8
 Concurrent Workers: 2
 Concurrent Refinement Workers: 8
 Periodic GC: Disabled
Heap:
 garbage-first heap   total 171008K, used 117002K [0x0000000080000000, 0x0000000100000000)
  region size 1024K, 10 young (10240K), 7 survivors (7168K)
 Metaspace       used 116067K, committed 118208K, reserved 1179648K
  class space    used 16447K, committed 17472K, reserved 1048576K
GC Heap History (20 events):
Event: 18.517 GC heap before
{Heap before GC invocations=31 (full 0):
 garbage-first heap   total 132096K, used 117414K [0x0000000080000000, 0x0000000100000000)
  region size 1024K, 36 young (36864K), 3 survivors (3072K)
 Metaspace       used 90701K, committed 92608K, reserved 1179648K
  class space    used 12603K, committed 13568K, reserved 1048576K
}
Event: 18.521 GC heap after
{Heap after GC invocations=32 (full 0):
 garbage-first heap   total 132096K, used 86156K [0x0000000080000000, 0x0000000100000000)
  region size 1024K, 4 young (4096K), 4 survivors (4096K)
 Metaspace       used 90701K, committed 92608K, reserved 1179648K
  class space    used 12603K, committed 13568K, reserved 1048576K
}
Event: 19.155 GC heap before
{Heap before GC invocations=33 (full 0):
 garbage-first heap   total 150528K, used 121996K [0x0000000080000000, 0x0000000100000000)
  region size 1024K, 36 young (36864K), 4 survivors (4096K)
 Metaspace       used 93262K, committed 95168K, reserved 1179648K
  class space    used 12949K, committed 13888K, reserved 1048576K
}
Event: 19.163 GC heap after
{Heap after GC invocations=34 (full 0):
 garbage-first heap   total 150528K, used 91179K [0x0000000080000000, 0x0000000100000000)
  region size 1024K, 4 young (4096K), 4 survivors (4096K)
 Metaspace       used 93262K, committed 95168K, reserved 1179648K
  class space    used 12949K, committed 13888K, reserved 1048576K
}
Event: 19.996 GC heap before
{Heap before GC invocations=34 (full 0):
 garbage-first heap   total 150528K, used 133163K [0x0000000080000000, 0x0000000100000000)
  region size 1024K, 46 young (47104K), 4 survivors (4096K)
 Metaspace       used 95280K, committed 97280K, reserved 1179648K
  class space    used 13267K, committed 14208K, reserved 1048576K
}
Event: 20.003 GC heap after
{Heap after GC invocations=35 (full 0):
 garbage-first heap   total 150528K, used 93546K [0x0000000080000000, 0x0000000100000000)
  region size 1024K, 5 young (5120K), 5 survivors (5120K)
 Metaspace       used 95280K, committed 97280K, reserved 1179648K
  class space    used 13267K, committed 14208K, reserved 1048576K
}
Event: 21.012 GC heap before
{Heap before GC invocations=35 (full 0):
 garbage-first heap   total 150528K, used 135530K [0x0000000080000000, 0x0000000100000000)
  region size 1024K, 47 young (48128K), 5 survivors (5120K)
 Metaspace       used 98373K, committed 100352K, reserved 1179648K
  class space    used 13699K, committed 14656K, reserved 1048576K
}
Event: 21.019 GC heap after
{Heap after GC invocations=36 (full 0):
 garbage-first heap   total 150528K, used 95828K [0x0000000080000000, 0x0000000100000000)
  region size 1024K, 5 young (5120K), 5 survivors (5120K)
 Metaspace       used 98373K, committed 100352K, reserved 1179648K
  class space    used 13699K, committed 14656K, reserved 1048576K
}
Event: 22.202 GC heap before
{Heap before GC invocations=37 (full 0):
 garbage-first heap   total 163840K, used 136788K [0x0000000080000000, 0x0000000100000000)
  region size 1024K, 44 young (45056K), 5 survivors (5120K)
 Metaspace       used 101606K, committed 103616K, reserved 1179648K
  class space    used 14277K, committed 15232K, reserved 1048576K
}
Event: 22.211 GC heap after
{Heap after GC invocations=38 (full 0):
 garbage-first heap   total 163840K, used 96829K [0x0000000080000000, 0x0000000100000000)
  region size 1024K, 3 young (3072K), 3 survivors (3072K)
 Metaspace       used 101606K, committed 103616K, reserved 1179648K
  class space    used 14277K, committed 15232K, reserved 1048576K
}
Event: 23.155 GC heap before
{Heap before GC invocations=38 (full 0):
 garbage-first heap   total 163840K, used 149053K [0x0000000080000000, 0x0000000100000000)
  region size 1024K, 54 young (55296K), 3 survivors (3072K)
 Metaspace       used 105373K, committed 107456K, reserved 1179648K
  class space    used 14855K, committed 15872K, reserved 1048576K
}
Event: 23.166 GC heap after
{Heap after GC invocations=39 (full 0):
 garbage-first heap   total 163840K, used 98872K [0x0000000080000000, 0x0000000100000000)
  region size 1024K, 6 young (6144K), 6 survivors (6144K)
 Metaspace       used 105373K, committed 107456K, reserved 1179648K
  class space    used 14855K, committed 15872K, reserved 1048576K
}
Event: 24.028 GC heap before
{Heap before GC invocations=39 (full 0):
 garbage-first heap   total 163840K, used 148024K [0x0000000080000000, 0x0000000100000000)
  region size 1024K, 54 young (55296K), 6 survivors (6144K)
 Metaspace       used 109031K, committed 111168K, reserved 1179648K
  class space    used 15409K, committed 16448K, reserved 1048576K
}
Event: 24.035 GC heap after
{Heap after GC invocations=40 (full 0):
 garbage-first heap   total 163840K, used 101943K [0x0000000080000000, 0x0000000100000000)
  region size 1024K, 7 young (7168K), 7 survivors (7168K)
 Metaspace       used 109031K, committed 111168K, reserved 1179648K
  class space    used 15409K, committed 16448K, reserved 1048576K
}
Event: 25.184 GC heap before
{Heap before GC invocations=41 (full 0):
 garbage-first heap   total 171008K, used 146999K [0x0000000080000000, 0x0000000100000000)
  region size 1024K, 51 young (52224K), 7 survivors (7168K)
 Metaspace       used 113252K, committed 115392K, reserved 1179648K
  class space    used 16079K, committed 17088K, reserved 1048576K
}
Event: 25.196 GC heap after
{Heap after GC invocations=42 (full 0):
 garbage-first heap   total 171008K, used 103922K [0x0000000080000000, 0x0000000100000000)
  region size 1024K, 5 young (5120K), 5 survivors (5120K)
 Metaspace       used 113252K, committed 115392K, reserved 1179648K
  class space    used 16079K, committed 17088K, reserved 1048576K
}
Event: 26.353 GC heap before
{Heap before GC invocations=42 (full 0):
 garbage-first heap   total 171008K, used 156146K [0x0000000080000000, 0x0000000100000000)
  region size 1024K, 56 young (57344K), 5 survivors (5120K)
 Metaspace       used 115881K, committed 118016K, reserved 1179648K
  class space    used 16439K, committed 17472K, reserved 1048576K
}
Event: 26.365 GC heap after
{Heap after GC invocations=43 (full 0):
 garbage-first heap   total 171008K, used 107996K [0x0000000080000000, 0x0000000100000000)
  region size 1024K, 7 young (7168K), 7 survivors (7168K)
 Metaspace       used 115881K, committed 118016K, reserved 1179648K
  class space    used 16439K, committed 17472K, reserved 1048576K
}
Event: 27.278 GC heap before
{Heap before GC invocations=43 (full 0):
 garbage-first heap   total 171008K, used 154076K [0x0000000080000000, 0x0000000100000000)
  region size 1024K, 52 young (53248K), 7 survivors (7168K)
 Metaspace       used 116044K, committed 118208K, reserved 1179648K
  class space    used 16447K, committed 17472K, reserved 1048576K
}
Event: 27.293 GC heap after
{Heap after GC invocations=44 (full 0):
 garbage-first heap   total 171008K, used 114954K [0x0000000080000000, 0x0000000100000000)
  region size 1024K, 7 young (7168K), 7 survivors (7168K)
 Metaspace       used 116044K, committed 118208K, reserved 1179648K
  class space    used 16447K, committed 17472K, reserved 1048576K
}

