# JRE version: OpenJDK Runtime Environment (21.0.8) (build 21.0.8+-14196175-b1038.72)
# Java VM: OpenJDK 64-Bit Server VM (21.0.8+-14196175-b1038.72, mixed mode, tiered, compressed oops, compressed class ptrs, g1 gc, windows-amd64)
GC Precious Log:
 CardTable entry size: 512
 Card Set container configuration: InlinePtr #cards 5 size 8 Array Of Cards #cards 12 size 40 Howl #buckets 4 coarsen threshold 1843 Howl Bitmap #cards 512 size 80 coarsen threshold 460 Card regions per heap region 1 cards per card region 2048
 CPUs: 8 total, 8 available
 Memory: 7778M
 Large Page Support: Disabled
 NUMA Support: Disabled
 Compressed Oops: Enabled (32-bit)
 Heap Region Size: 1M
 Heap Min Capacity: 8M
 Heap Initial Capacity: 122M
 Heap Max Capacity: 2G
 Pre-touch: Disabled
 Parallel Workers: 8
 Concurrent Workers: 2
 Concurrent Refinement Workers: 8
 Periodic GC: Disabled
Heap:
 garbage-first heap   total 348160K, used 211822K [0x0000000080000000, 0x0000000100000000)
  region size 1024K, 12 young (12288K), 11 survivors (11264K)
 Metaspace       used 164482K, committed 167040K, reserved 1245184K
  class space    used 21550K, committed 22784K, reserved 1048576K
GC Heap History (20 events):
Event: 60.907 GC heap before
{Heap before GC invocations=42 (full 0):
 garbage-first heap   total 247808K, used 226165K [0x0000000080000000, 0x0000000100000000)
  region size 1024K, 77 young (78848K), 7 survivors (7168K)
 Metaspace       used 138230K, committed 140480K, reserved 1179648K
  class space    used 18290K, committed 19392K, reserved 1048576K
}
Event: 60.918 GC heap after
{Heap after GC invocations=43 (full 0):
 garbage-first heap   total 247808K, used 152932K [0x0000000080000000, 0x0000000100000000)
  region size 1024K, 4 young (4096K), 4 survivors (4096K)
 Metaspace       used 138230K, committed 140480K, reserved 1179648K
  class space    used 18290K, committed 19392K, reserved 1048576K
}
Event: 62.969 GC heap before
{Heap before GC invocations=43 (full 0):
 garbage-first heap   total 247808K, used 228708K [0x0000000080000000, 0x0000000100000000)
  region size 1024K, 79 young (80896K), 4 survivors (4096K)
 Metaspace       used 138747K, committed 141056K, reserved 1179648K
  class space    used 18296K, committed 19392K, reserved 1048576K
}
Event: 62.982 GC heap after
{Heap after GC invocations=44 (full 0):
 garbage-first heap   total 247808K, used 156224K [0x0000000080000000, 0x0000000100000000)
  region size 1024K, 7 young (7168K), 7 survivors (7168K)
 Metaspace       used 138747K, committed 141056K, reserved 1179648K
  class space    used 18296K, committed 19392K, reserved 1048576K
}
Event: 65.149 GC heap before
{Heap before GC invocations=45 (full 0):
 garbage-first heap   total 260096K, used 227904K [0x0000000080000000, 0x0000000100000000)
  region size 1024K, 75 young (76800K), 7 survivors (7168K)
 Metaspace       used 138864K, committed 141120K, reserved 1179648K
  class space    used 18313K, committed 19392K, reserved 1048576K
}
Event: 65.163 GC heap after
{Heap after GC invocations=46 (full 0):
 garbage-first heap   total 260096K, used 164029K [0x0000000080000000, 0x0000000100000000)
  region size 1024K, 10 young (10240K), 10 survivors (10240K)
 Metaspace       used 138864K, committed 141120K, reserved 1179648K
  class space    used 18313K, committed 19392K, reserved 1048576K
}
Event: 66.354 GC heap before
{Heap before GC invocations=46 (full 0):
 garbage-first heap   total 260096K, used 249021K [0x0000000080000000, 0x0000000100000000)
  region size 1024K, 79 young (80896K), 10 survivors (10240K)
 Metaspace       used 138966K, committed 141248K, reserved 1179648K
  class space    used 18313K, committed 19392K, reserved 1048576K
}
Event: 66.385 GC heap after
{Heap after GC invocations=47 (full 0):
 garbage-first heap   total 279552K, used 179160K [0x0000000080000000, 0x0000000100000000)
  region size 1024K, 10 young (10240K), 10 survivors (10240K)
 Metaspace       used 138966K, committed 141248K, reserved 1179648K
  class space    used 18313K, committed 19392K, reserved 1048576K
}
Event: 67.890 GC heap before
{Heap before GC invocations=47 (full 0):
 garbage-first heap   total 279552K, used 234456K [0x0000000080000000, 0x0000000100000000)
  region size 1024K, 65 young (66560K), 10 survivors (10240K)
 Metaspace       used 139515K, committed 141696K, reserved 1179648K
  class space    used 18329K, committed 19392K, reserved 1048576K
}
Event: 67.909 GC heap after
{Heap after GC invocations=48 (full 0):
 garbage-first heap   total 279552K, used 185715K [0x0000000080000000, 0x0000000100000000)
  region size 1024K, 6 young (6144K), 6 survivors (6144K)
 Metaspace       used 139515K, committed 141696K, reserved 1179648K
  class space    used 18329K, committed 19392K, reserved 1048576K
}
Event: 73.125 GC heap before
{Heap before GC invocations=49 (full 0):
 garbage-first heap   total 314368K, used 259443K [0x0000000080000000, 0x0000000100000000)
  region size 1024K, 72 young (73728K), 6 survivors (6144K)
 Metaspace       used 144752K, committed 147072K, reserved 1179648K
  class space    used 18942K, committed 20032K, reserved 1048576K
}
Event: 73.133 GC heap after
{Heap after GC invocations=50 (full 0):
 garbage-first heap   total 314368K, used 197562K [0x0000000080000000, 0x0000000100000000)
  region size 1024K, 7 young (7168K), 7 survivors (7168K)
 Metaspace       used 144752K, committed 147072K, reserved 1179648K
  class space    used 18942K, committed 20032K, reserved 1048576K
}
Event: 75.856 GC heap before
{Heap before GC invocations=50 (full 0):
 garbage-first heap   total 314368K, used 288698K [0x0000000080000000, 0x0000000100000000)
  region size 1024K, 91 young (93184K), 7 survivors (7168K)
 Metaspace       used 152021K, committed 154432K, reserved 1245184K
  class space    used 19971K, committed 21120K, reserved 1048576K
}
Event: 75.869 GC heap after
{Heap after GC invocations=51 (full 0):
 garbage-first heap   total 314368K, used 201728K [0x0000000080000000, 0x0000000100000000)
  region size 1024K, 12 young (12288K), 12 survivors (12288K)
 Metaspace       used 152021K, committed 154432K, reserved 1245184K
  class space    used 19971K, committed 21120K, reserved 1048576K
}
Event: 79.028 GC heap before
{Heap before GC invocations=51 (full 0):
 garbage-first heap   total 314368K, used 244736K [0x0000000080000000, 0x0000000100000000)
  region size 1024K, 55 young (56320K), 12 survivors (12288K)
 Metaspace       used 156170K, committed 158592K, reserved 1245184K
  class space    used 20522K, committed 21696K, reserved 1048576K
}
Event: 79.039 GC heap after
{Heap after GC invocations=52 (full 0):
 garbage-first heap   total 314368K, used 205227K [0x0000000080000000, 0x0000000100000000)
  region size 1024K, 3 young (3072K), 3 survivors (3072K)
 Metaspace       used 156170K, committed 158592K, reserved 1245184K
  class space    used 20522K, committed 21696K, reserved 1048576K
}
Event: 82.502 GC heap before
{Heap before GC invocations=53 (full 0):
 garbage-first heap   total 348160K, used 294315K [0x0000000080000000, 0x0000000100000000)
  region size 1024K, 86 young (88064K), 3 survivors (3072K)
 Metaspace       used 162710K, committed 165184K, reserved 1245184K
  class space    used 21417K, committed 22656K, reserved 1048576K
}
Event: 82.513 GC heap after
{Heap after GC invocations=54 (full 0):
 garbage-first heap   total 348160K, used 211766K [0x0000000080000000, 0x0000000100000000)
  region size 1024K, 7 young (7168K), 7 survivors (7168K)
 Metaspace       used 162710K, committed 165184K, reserved 1245184K
  class space    used 21417K, committed 22656K, reserved 1048576K
}
Event: 85.738 GC heap before
{Heap before GC invocations=54 (full 0):
 garbage-first heap   total 348160K, used 316214K [0x0000000080000000, 0x0000000100000000)
  region size 1024K, 109 young (111616K), 7 survivors (7168K)
 Metaspace       used 164157K, committed 166656K, reserved 1245184K
  class space    used 21528K, committed 22784K, reserved 1048576K
}
Event: 85.749 GC heap after
{Heap after GC invocations=55 (full 0):
 garbage-first heap   total 348160K, used 206739K [0x0000000080000000, 0x0000000100000000)
  region size 1024K, 8 young (8192K), 8 survivors (8192K)
 Metaspace       used 164157K, committed 166656K, reserved 1245184K
  class space    used 21528K, committed 22784K, reserved 1048576K
}

